--dcf0926	2016-03-04T16:32:13-08:00	Natalie Weizenbaum	nweiz@google.com	Make *-exists() functions module-aware.

dcf0926
3	0	CHANGELOG.md
12	0	README.md

--4d6eab8	2016-03-04T16:24:51-08:00	Natalie Weizenbaum	nweiz@google.com	Add new functions for module introspection.

4d6eab8
2	0	CHANGELOG.md
20	0	README.md

--84b9275	2016-03-04T16:19:12-08:00	Natalie Weizenbaum	nweiz@google.com	Always add the same variable names to modules.

84b9275
4	0	CHANGELOG.md
13	1	README.md

--542512e	2016-03-04T16:04:27-08:00	Natalie Weizenbaum	nweiz@google.com	Update the syntax for forwarding a module mixin.

542512e
2	0	CHANGELOG.md
13	22	README.md

--467bec2	2016-03-04T15:58:48-08:00	Natalie Weizenbaum	nweiz@google.com	Fix a couple typos.

467bec2
3	3	README.md

--46becef	2016-03-04T15:57:46-08:00	Natalie Weizenbaum	nweiz@google.com	Don't allow positional module mixin arguments.

46becef
2	0	CHANGELOG.md
9	2	README.md

--5c08323	2016-03-04T15:53:21-08:00	Natalie Weizenbaum	nweiz@google.com	Allow @extend to work downstream.

5c08323
4	0	CHANGELOG.md
68	9	README.md

--802514d	2016-02-12T16:57:30-08:00	Natalie Weizenbaum	nweiz@google.com	Allow @forward and @use to be intermingled.

802514d
2	0	CHANGELOG.md
4	4	README.md

--04148cc	2016-02-12T16:54:44-08:00	Natalie Weizenbaum	nweiz@google.com	Be explicit about how URIs are canonicalized.

04148cc
2	0	CHANGELOG.md
51	21	README.md

--a714c34	2016-02-12T13:51:49-08:00	Natalie Weizenbaum	nweiz@google.com	Add a changelog.

a714c34
10	0	CHANGELOG.md

--9efb967	2016-02-12T13:46:29-08:00	Natalie Weizenbaum	nweiz@google.com	Use "." instead of "-" as the module prefix.

Closes #1

9efb967
51	46	README.md

--bd815f5	2016-02-12T13:22:18-08:00	Natalie Weizenbaum	nweiz@google.com	Update the draft number.

bd815f5
1	1	README.md

--8518811	2016-02-12T13:03:38-08:00	Natalie Weizenbaum	nweiz@google.com	Mark this as Draft 1.

8518811
1	4	README.md

--f1acd71	2016-02-12T12:57:25-08:00	Natalie Weizenbaum	nweiz@google.com	Add a "Built-In Modules" section.

f1acd71
114	1	README.md

--0d67d80	2016-02-05T17:37:08-08:00	Natalie Weizenbaum	nweiz@google.com	Add some code samples.

0d67d80
63	0	README.md

--a4e45e7	2016-02-05T17:15:36-08:00	Natalie Weizenbaum	nweiz@google.com	Re-organize the semantics section.

This pulls out a separate section for re-usable procedures.

a4e45e7
171	174	README.md

--c445f0a	2016-02-05T16:53:54-08:00	Natalie Weizenbaum	nweiz@google.com	Add an "Importing Files" section.

This also adds backwards compatibility as an explicit low-level goal.

c445f0a
76	2	README.md

--0ad2387	2016-02-05T16:52:38-08:00	Natalie Weizenbaum	nweiz@google.com	Add an "Executing Files" section.

This was alluded to before, but is now spelled out explicitly.

This also clarifies references to the current module versus the current
source file.

0ad2387
63	29	README.md

--89257cc	2016-02-05T16:39:36-08:00	Natalie Weizenbaum	nweiz@google.com	Make extensions first-class objects in the spec.

89257cc
33	15	README.md

--cc0e57b	2016-01-29T17:36:36-08:00	Natalie Weizenbaum	nweiz@google.com	Add missing links.

cc0e57b
5	4	README.md

--ed4e632	2016-01-29T17:11:31-08:00	Natalie Weizenbaum	nweiz@google.com	Allow mixed-in modules to be forwarded.

ed4e632
39	5	README.md

--f80ab81	2016-01-29T16:56:37-08:00	Natalie Weizenbaum	nweiz@google.com	Clarify a module mixin edge case.

If the mixin has been included more than once, member resolution should
fail, since there are multiple possible modules the members could refer
to.

f80ab81
2	1	README.md

--f8eb314	2016-01-29T16:46:00-08:00	Natalie Weizenbaum	nweiz@google.com	Don't extend through @forward.

f8eb314
3	2	README.md

--7ba0662	2016-01-29T16:07:32-08:00	Natalie Weizenbaum	nweiz@google.com	Add a "Private Members" section.

7ba0662
17	2	README.md

--fa7cd09	2016-01-29T15:39:08-08:00	Natalie Weizenbaum	nweiz@google.com	Change some terminology in "Resolving Extends".

This should hopefully make it a little easier to follow.

fa7cd09
16	15	README.md

--bb3dc73	2016-01-29T15:29:02-08:00	Natalie Weizenbaum	nweiz@google.com	Make extension a parameterized procedure.

This allows module mixins to properly resolve extends for the module
that's imported.

bb3dc73
43	39	README.md

--490a72d	2016-01-22T17:37:01-08:00	Natalie Weizenbaum	nweiz@google.com	Add a "Module Mixins" section.

490a72d
93	13	README.md

--9e0fa1f	2016-01-22T15:53:22-08:00	Natalie Weizenbaum	nweiz@google.com	"Factor out" a re-usable load procedure.

This also explicitly forbids circular @use.

9e0fa1f
38	26	README.md

--67ee09e	2016-01-22T15:34:36-08:00	Natalie Weizenbaum	nweiz@google.com	Add a "Forwarding Modules" section.

67ee09e
56	5	README.md

--b9fade6	2016-01-22T14:54:20-08:00	Natalie Weizenbaum	nweiz@google.com	Revert "Add "show" and "hide" clauses."

This reverts commit cd3eb6caf8e2250570b7b43d1a721435c24d6947.

@chriseppstein and I discussed this, and decided that these clauses
didn't make sense when we were encouraging users to use namespaces to
resolve name conflicts anyway. They will still be supported for the
@​forward directive, but not for @​use.

b9fade6
10	31	README.md

--cd3eb6c	2016-01-22T13:44:42-08:00	Natalie Weizenbaum	nweiz@google.com	Add "show" and "hide" clauses.

cd3eb6c
31	10	README.md

--1c3cfa1	2016-01-22T13:26:29-08:00	Natalie Weizenbaum	nweiz@google.com	Add a table of contents.

1c3cfa1
23	0	README.md

--47fa23f	2016-01-22T13:22:23-08:00	Natalie Weizenbaum	nweiz@google.com	Add a "Compilation Process" section.

47fa23f
18	3	README.md

--d20ae80	2016-01-15T19:19:04-08:00	Natalie Weizenbaum	nweiz@google.com	Add a "Resolving Extends" section.

d20ae80
56	0	README.md

--a4e6690	2016-01-15T19:08:27-08:00	Natalie Weizenbaum	nweiz@google.com	Add an "Entrypoint" definition.

a4e6690
7	0	README.md

--387a8d8	2016-01-15T17:35:32-08:00	Natalie Weizenbaum	nweiz@google.com	Add a "Module Graph" definition.

387a8d8
13	0	README.md

--6e5ef75	2016-01-15T16:21:05-08:00	Natalie Weizenbaum	nweiz@google.com	Add some tentativity about namespaced placeholder.

This reflects a discussion @chriseppstein and I had. We didn't reach a
concrete decision, but this lays out some of the pros and cons we
considered.

6e5ef75
20	0	README.md

--42c4106	2016-01-15T16:11:54-08:00	Natalie Weizenbaum	nweiz@google.com	Consider ambiguous module prefixes an error.

42c4106
5	0	README.md

--c9d5309	2016-01-08T19:22:54-08:00	Natalie Weizenbaum	nweiz@google.com	Add a "Resolving Members" section.

c9d5309
33	0	README.md

--00d1a69	2016-01-08T19:18:02-08:00	Natalie Weizenbaum	nweiz@google.com	Add a "Syntax" section with "Loading Modules".

This covers the basic loading logic as well as how prefixes are
determined.

00d1a69
97	3	README.md

--3a97f2c	2016-01-08T17:02:26-08:00	Natalie Weizenbaum	nweiz@google.com	Add a "Definitions" section.

This may need to be expanded later on, but it's a good start.

3a97f2c
68	0	README.md

--342042b	2015-12-11T17:30:42-08:00	Natalie Weizenbaum	nweiz@google.com	Add an additional use to Encapsulation.

342042b
2	1	README.md

--7a64740	2015-12-11T17:29:53-08:00	Natalie Weizenbaum	nweiz@google.com	Add non-goals.

7a64740
23	0	README.md

--dc7c29f	2015-12-11T17:12:08-08:00	Natalie Weizenbaum	nweiz@google.com	Add low-level goals.

dc7c29f
25	1	README.md

--dcf80e6	2015-12-11T16:58:26-08:00	Natalie Weizenbaum	nweiz@google.com	Add high-level goals.

dcf80e6
22	0	README.md

--20cbdc9	2015-12-11T16:24:42-08:00	Natalie Weizenbaum	nweiz@google.com	Proposal document with introduction and background.

20cbdc9
28	0	README.md
